Determining if the pthread_create exist failed with the following output:
Change Dir: /home/pi/ele302/lib/pixy/build/hello_pixy/CMakeFiles/CMakeTmp

Run Build Command:"/usr/bin/make" "cmTC_e2fe9/fast"
/usr/bin/make -f CMakeFiles/cmTC_e2fe9.dir/build.make CMakeFiles/cmTC_e2fe9.dir/build
make[1]: Entering directory '/home/pi/ele302/lib/pixy/build/hello_pixy/CMakeFiles/CMakeTmp'
Building CXX object CMakeFiles/cmTC_e2fe9.dir/CheckSymbolExists.cxx.o
/usr/bin/c++      -o CMakeFiles/cmTC_e2fe9.dir/CheckSymbolExists.cxx.o -c /home/pi/ele302/lib/pixy/build/hello_pixy/CMakeFiles/CMakeTmp/CheckSymbolExists.cxx
Linking CXX executable cmTC_e2fe9
/usr/bin/cmake -E cmake_link_script CMakeFiles/cmTC_e2fe9.dir/link.txt --verbose=1
/usr/bin/c++        CMakeFiles/cmTC_e2fe9.dir/CheckSymbolExists.cxx.o  -o cmTC_e2fe9 -rdynamic 
CMakeFiles/cmTC_e2fe9.dir/CheckSymbolExists.cxx.o: In function `main':
CheckSymbolExists.cxx:(.text+0x38): undefined reference to `pthread_create'
collect2: error: ld returned 1 exit status
CMakeFiles/cmTC_e2fe9.dir/build.make:97: recipe for target 'cmTC_e2fe9' failed
make[1]: *** [cmTC_e2fe9] Error 1
make[1]: Leaving directory '/home/pi/ele302/lib/pixy/build/hello_pixy/CMakeFiles/CMakeTmp'
Makefile:126: recipe for target 'cmTC_e2fe9/fast' failed
make: *** [cmTC_e2fe9/fast] Error 2

File /home/pi/ele302/lib/pixy/build/hello_pixy/CMakeFiles/CMakeTmp/CheckSymbolExists.cxx:
/* */
#include <pthread.h>

int main(int argc, char** argv)
{
  (void)argv;
#ifndef pthread_create
  return ((int*)(&pthread_create))[argc];
#else
  (void)argc;
  return 0;
#endif
}

Determining if the function pthread_create exists in the pthreads failed with the following output:
Change Dir: /home/pi/ele302/lib/pixy/build/hello_pixy/CMakeFiles/CMakeTmp

Run Build Command:"/usr/bin/make" "cmTC_38c99/fast"
/usr/bin/make -f CMakeFiles/cmTC_38c99.dir/build.make CMakeFiles/cmTC_38c99.dir/build
make[1]: Entering directory '/home/pi/ele302/lib/pixy/build/hello_pixy/CMakeFiles/CMakeTmp'
Building CXX object CMakeFiles/cmTC_38c99.dir/CheckFunctionExists.cxx.o
/usr/bin/c++     -DCHECK_FUNCTION_EXISTS=pthread_create   -o CMakeFiles/cmTC_38c99.dir/CheckFunctionExists.cxx.o -c /home/pi/ele302/lib/pixy/build/hello_pixy/CMakeFiles/CheckLibraryExists/CheckFunctionExists.cxx
Linking CXX executable cmTC_38c99
/usr/bin/cmake -E cmake_link_script CMakeFiles/cmTC_38c99.dir/link.txt --verbose=1
/usr/bin/c++    -DCHECK_FUNCTION_EXISTS=pthread_create    CMakeFiles/cmTC_38c99.dir/CheckFunctionExists.cxx.o  -o cmTC_38c99 -rdynamic -lpthreads 
/usr/bin/ld: cannot find -lpthreads
collect2: error: ld returned 1 exit status
CMakeFiles/cmTC_38c99.dir/build.make:97: recipe for target 'cmTC_38c99' failed
make[1]: *** [cmTC_38c99] Error 1
make[1]: Leaving directory '/home/pi/ele302/lib/pixy/build/hello_pixy/CMakeFiles/CMakeTmp'
Makefile:126: recipe for target 'cmTC_38c99/fast' failed
make: *** [cmTC_38c99/fast] Error 2


